2023-02-10 14:59:07.369  INFO 16900 --- [main] ru.kakatya.gateway.GatewayApplication    : Starting GatewayApplication using Java 16.0.1 on WIN-4E7P3RF15C5 with PID 16900 (W:\newProj\neoflex\gateway\target\classes started by kakatya in W:\newProj\neoflex\gateway)
2023-02-10 14:59:07.375  INFO 16900 --- [main] ru.kakatya.gateway.GatewayApplication    : No active profile set, falling back to 1 default profile: "default"
2023-02-10 14:59:08.856  INFO 16900 --- [main] o.s.cloud.context.scope.GenericScope     : BeanFactory id=a48ed569-301a-3d4b-a8d2-5fe658c598e2
2023-02-10 14:59:09.295  INFO 16900 --- [main] o.s.b.w.embedded.tomcat.TomcatWebServer  : Tomcat initialized with port(s): 8084 (http)
2023-02-10 14:59:09.308  INFO 16900 --- [main] o.apache.catalina.core.StandardService   : Starting service [Tomcat]
2023-02-10 14:59:09.308  INFO 16900 --- [main] org.apache.catalina.core.StandardEngine  : Starting Servlet engine: [Apache Tomcat/9.0.70]
2023-02-10 14:59:09.516  INFO 16900 --- [main] o.a.c.c.C.[Tomcat].[localhost].[/]       : Initializing Spring embedded WebApplicationContext
2023-02-10 14:59:09.517  INFO 16900 --- [main] w.s.c.ServletWebServerApplicationContext : Root WebApplicationContext: initialization completed in 2080 ms
2023-02-10 14:59:10.147  WARN 16900 --- [main] ConfigServletWebServerApplicationContext : Exception encountered during context initialization - cancelling refresh attempt: org.springframework.beans.factory.UnsatisfiedDependencyException: Error creating bean with name 'documentationPluginsBootstrapper' defined in URL [jar:file:/C:/Users/kakatya/.m2/repository/io/springfox/springfox-spring-web/3.0.0/springfox-spring-web-3.0.0.jar!/springfox/documentation/spring/web/plugins/DocumentationPluginsBootstrapper.class]: Unsatisfied dependency expressed through constructor parameter 1; nested exception is org.springframework.beans.factory.UnsatisfiedDependencyException: Error creating bean with name 'webMvcRequestHandlerProvider' defined in URL [jar:file:/C:/Users/kakatya/.m2/repository/io/springfox/springfox-spring-webmvc/3.0.0/springfox-spring-webmvc-3.0.0.jar!/springfox/documentation/spring/web/plugins/WebMvcRequestHandlerProvider.class]: Unsatisfied dependency expressed through constructor parameter 2; nested exception is org.springframework.beans.factory.BeanCreationException: Error creating bean with name 'requestMappingHandlerMapping' defined in class path resource [org/springframework/boot/autoconfigure/web/servlet/WebMvcAutoConfiguration$EnableWebMvcConfiguration.class]: Invocation of init method failed; nested exception is java.lang.IllegalStateException: Ambiguous mapping. Cannot map 'gatewayController' method 
ru.kakatya.gateway.controllers.GatewayController#applyLoanOffer(LoanOfferDTO)
to {POST [/application/apply], consumes [application/json]}: There is already 'applicationApiController' bean method
ru.kakatya.gateway.api.ApplicationApiController#applyLoanOffer(LoanOfferDTO) mapped.
2023-02-10 14:59:10.153  INFO 16900 --- [main] o.apache.catalina.core.StandardService   : Stopping service [Tomcat]
2023-02-10 14:59:10.172  INFO 16900 --- [main] ConditionEvaluationReportLoggingListener : 

Error starting ApplicationContext. To display the conditions report re-run your application with 'debug' enabled.
2023-02-10 14:59:10.201 ERROR 16900 --- [main] o.s.boot.SpringApplication               : Application run failed

org.springframework.beans.factory.UnsatisfiedDependencyException: Error creating bean with name 'documentationPluginsBootstrapper' defined in URL [jar:file:/C:/Users/kakatya/.m2/repository/io/springfox/springfox-spring-web/3.0.0/springfox-spring-web-3.0.0.jar!/springfox/documentation/spring/web/plugins/DocumentationPluginsBootstrapper.class]: Unsatisfied dependency expressed through constructor parameter 1; nested exception is org.springframework.beans.factory.UnsatisfiedDependencyException: Error creating bean with name 'webMvcRequestHandlerProvider' defined in URL [jar:file:/C:/Users/kakatya/.m2/repository/io/springfox/springfox-spring-webmvc/3.0.0/springfox-spring-webmvc-3.0.0.jar!/springfox/documentation/spring/web/plugins/WebMvcRequestHandlerProvider.class]: Unsatisfied dependency expressed through constructor parameter 2; nested exception is org.springframework.beans.factory.BeanCreationException: Error creating bean with name 'requestMappingHandlerMapping' defined in class path resource [org/springframework/boot/autoconfigure/web/servlet/WebMvcAutoConfiguration$EnableWebMvcConfiguration.class]: Invocation of init method failed; nested exception is java.lang.IllegalStateException: Ambiguous mapping. Cannot map 'gatewayController' method 
ru.kakatya.gateway.controllers.GatewayController#applyLoanOffer(LoanOfferDTO)
to {POST [/application/apply], consumes [application/json]}: There is already 'applicationApiController' bean method
ru.kakatya.gateway.api.ApplicationApiController#applyLoanOffer(LoanOfferDTO) mapped.
	at org.springframework.beans.factory.support.ConstructorResolver.createArgumentArray(ConstructorResolver.java:800) ~[spring-beans-5.3.24.jar:5.3.24]
	at org.springframework.beans.factory.support.ConstructorResolver.autowireConstructor(ConstructorResolver.java:229) ~[spring-beans-5.3.24.jar:5.3.24]
	at org.springframework.beans.factory.support.AbstractAutowireCapableBeanFactory.autowireConstructor(AbstractAutowireCapableBeanFactory.java:1372) ~[spring-beans-5.3.24.jar:5.3.24]
	at org.springframework.beans.factory.support.AbstractAutowireCapableBeanFactory.createBeanInstance(AbstractAutowireCapableBeanFactory.java:1222) ~[spring-beans-5.3.24.jar:5.3.24]
	at org.springframework.beans.factory.support.AbstractAutowireCapableBeanFactory.doCreateBean(AbstractAutowireCapableBeanFactory.java:582) ~[spring-beans-5.3.24.jar:5.3.24]
	at org.springframework.beans.factory.support.AbstractAutowireCapableBeanFactory.createBean(AbstractAutowireCapableBeanFactory.java:542) ~[spring-beans-5.3.24.jar:5.3.24]
	at org.springframework.beans.factory.support.AbstractBeanFactory.lambda$doGetBean$0(AbstractBeanFactory.java:335) ~[spring-beans-5.3.24.jar:5.3.24]
	at org.springframework.beans.factory.support.DefaultSingletonBeanRegistry.getSingleton(DefaultSingletonBeanRegistry.java:234) ~[spring-beans-5.3.24.jar:5.3.24]
	at org.springframework.beans.factory.support.AbstractBeanFactory.doGetBean(AbstractBeanFactory.java:333) ~[spring-beans-5.3.24.jar:5.3.24]
	at org.springframework.beans.factory.support.AbstractBeanFactory.getBean(AbstractBeanFactory.java:208) ~[spring-beans-5.3.24.jar:5.3.24]
	at org.springframework.beans.factory.support.DefaultListableBeanFactory.preInstantiateSingletons(DefaultListableBeanFactory.java:955) ~[spring-beans-5.3.24.jar:5.3.24]
	at org.springframework.context.support.AbstractApplicationContext.finishBeanFactoryInitialization(AbstractApplicationContext.java:918) ~[spring-context-5.3.24.jar:5.3.24]
	at org.springframework.context.support.AbstractApplicationContext.refresh(AbstractApplicationContext.java:583) ~[spring-context-5.3.24.jar:5.3.24]
	at org.springframework.boot.web.servlet.context.ServletWebServerApplicationContext.refresh(ServletWebServerApplicationContext.java:147) ~[spring-boot-2.7.7.jar:2.7.7]
	at org.springframework.boot.SpringApplication.refresh(SpringApplication.java:731) ~[spring-boot-2.7.7.jar:2.7.7]
	at org.springframework.boot.SpringApplication.refreshContext(SpringApplication.java:408) ~[spring-boot-2.7.7.jar:2.7.7]
	at org.springframework.boot.SpringApplication.run(SpringApplication.java:307) ~[spring-boot-2.7.7.jar:2.7.7]
	at org.springframework.boot.SpringApplication.run(SpringApplication.java:1303) ~[spring-boot-2.7.7.jar:2.7.7]
	at org.springframework.boot.SpringApplication.run(SpringApplication.java:1292) ~[spring-boot-2.7.7.jar:2.7.7]
	at ru.kakatya.gateway.GatewayApplication.main(GatewayApplication.java:12) ~[classes/:na]
Caused by: org.springframework.beans.factory.UnsatisfiedDependencyException: Error creating bean with name 'webMvcRequestHandlerProvider' defined in URL [jar:file:/C:/Users/kakatya/.m2/repository/io/springfox/springfox-spring-webmvc/3.0.0/springfox-spring-webmvc-3.0.0.jar!/springfox/documentation/spring/web/plugins/WebMvcRequestHandlerProvider.class]: Unsatisfied dependency expressed through constructor parameter 2; nested exception is org.springframework.beans.factory.BeanCreationException: Error creating bean with name 'requestMappingHandlerMapping' defined in class path resource [org/springframework/boot/autoconfigure/web/servlet/WebMvcAutoConfiguration$EnableWebMvcConfiguration.class]: Invocation of init method failed; nested exception is java.lang.IllegalStateException: Ambiguous mapping. Cannot map 'gatewayController' method 
ru.kakatya.gateway.controllers.GatewayController#applyLoanOffer(LoanOfferDTO)
to {POST [/application/apply], consumes [application/json]}: There is already 'applicationApiController' bean method
ru.kakatya.gateway.api.ApplicationApiController#applyLoanOffer(LoanOfferDTO) mapped.
	at org.springframework.beans.factory.support.ConstructorResolver.createArgumentArray(ConstructorResolver.java:800) ~[spring-beans-5.3.24.jar:5.3.24]
	at org.springframework.beans.factory.support.ConstructorResolver.autowireConstructor(ConstructorResolver.java:229) ~[spring-beans-5.3.24.jar:5.3.24]
	at org.springframework.beans.factory.support.AbstractAutowireCapableBeanFactory.autowireConstructor(AbstractAutowireCapableBeanFactory.java:1372) ~[spring-beans-5.3.24.jar:5.3.24]
	at org.springframework.beans.factory.support.AbstractAutowireCapableBeanFactory.createBeanInstance(AbstractAutowireCapableBeanFactory.java:1222) ~[spring-beans-5.3.24.jar:5.3.24]
	at org.springframework.beans.factory.support.AbstractAutowireCapableBeanFactory.doCreateBean(AbstractAutowireCapableBeanFactory.java:582) ~[spring-beans-5.3.24.jar:5.3.24]
	at org.springframework.beans.factory.support.AbstractAutowireCapableBeanFactory.createBean(AbstractAutowireCapableBeanFactory.java:542) ~[spring-beans-5.3.24.jar:5.3.24]
	at org.springframework.beans.factory.support.AbstractBeanFactory.lambda$doGetBean$0(AbstractBeanFactory.java:335) ~[spring-beans-5.3.24.jar:5.3.24]
	at org.springframework.beans.factory.support.DefaultSingletonBeanRegistry.getSingleton(DefaultSingletonBeanRegistry.java:234) ~[spring-beans-5.3.24.jar:5.3.24]
	at org.springframework.beans.factory.support.AbstractBeanFactory.doGetBean(AbstractBeanFactory.java:333) ~[spring-beans-5.3.24.jar:5.3.24]
	at org.springframework.beans.factory.support.AbstractBeanFactory.getBean(AbstractBeanFactory.java:208) ~[spring-beans-5.3.24.jar:5.3.24]
	at org.springframework.beans.factory.config.DependencyDescriptor.resolveCandidate(DependencyDescriptor.java:276) ~[spring-beans-5.3.24.jar:5.3.24]
	at org.springframework.beans.factory.support.DefaultListableBeanFactory.addCandidateEntry(DefaultListableBeanFactory.java:1609) ~[spring-beans-5.3.24.jar:5.3.24]
	at org.springframework.beans.factory.support.DefaultListableBeanFactory.findAutowireCandidates(DefaultListableBeanFactory.java:1573) ~[spring-beans-5.3.24.jar:5.3.24]
	at org.springframework.beans.factory.support.DefaultListableBeanFactory.resolveMultipleBeans(DefaultListableBeanFactory.java:1462) ~[spring-beans-5.3.24.jar:5.3.24]
	at org.springframework.beans.factory.support.DefaultListableBeanFactory.doResolveDependency(DefaultListableBeanFactory.java:1349) ~[spring-beans-5.3.24.jar:5.3.24]
	at org.springframework.beans.factory.support.DefaultListableBeanFactory.resolveDependency(DefaultListableBeanFactory.java:1311) ~[spring-beans-5.3.24.jar:5.3.24]
	at org.springframework.beans.factory.support.ConstructorResolver.resolveAutowiredArgument(ConstructorResolver.java:887) ~[spring-beans-5.3.24.jar:5.3.24]
	at org.springframework.beans.factory.support.ConstructorResolver.createArgumentArray(ConstructorResolver.java:791) ~[spring-beans-5.3.24.jar:5.3.24]
	... 19 common frames omitted
Caused by: org.springframework.beans.factory.BeanCreationException: Error creating bean with name 'requestMappingHandlerMapping' defined in class path resource [org/springframework/boot/autoconfigure/web/servlet/WebMvcAutoConfiguration$EnableWebMvcConfiguration.class]: Invocation of init method failed; nested exception is java.lang.IllegalStateException: Ambiguous mapping. Cannot map 'gatewayController' method 
ru.kakatya.gateway.controllers.GatewayController#applyLoanOffer(LoanOfferDTO)
to {POST [/application/apply], consumes [application/json]}: There is already 'applicationApiController' bean method
ru.kakatya.gateway.api.ApplicationApiController#applyLoanOffer(LoanOfferDTO) mapped.
	at org.springframework.beans.factory.support.AbstractAutowireCapableBeanFactory.initializeBean(AbstractAutowireCapableBeanFactory.java:1804) ~[spring-beans-5.3.24.jar:5.3.24]
	at org.springframework.beans.factory.support.AbstractAutowireCapableBeanFactory.doCreateBean(AbstractAutowireCapableBeanFactory.java:620) ~[spring-beans-5.3.24.jar:5.3.24]
	at org.springframework.beans.factory.support.AbstractAutowireCapableBeanFactory.createBean(AbstractAutowireCapableBeanFactory.java:542) ~[spring-beans-5.3.24.jar:5.3.24]
	at org.springframework.beans.factory.support.AbstractBeanFactory.lambda$doGetBean$0(AbstractBeanFactory.java:335) ~[spring-beans-5.3.24.jar:5.3.24]
	at org.springframework.beans.factory.support.DefaultSingletonBeanRegistry.getSingleton(DefaultSingletonBeanRegistry.java:234) ~[spring-beans-5.3.24.jar:5.3.24]
	at org.springframework.beans.factory.support.AbstractBeanFactory.doGetBean(AbstractBeanFactory.java:333) ~[spring-beans-5.3.24.jar:5.3.24]
	at org.springframework.beans.factory.support.AbstractBeanFactory.getBean(AbstractBeanFactory.java:208) ~[spring-beans-5.3.24.jar:5.3.24]
	at org.springframework.beans.factory.config.DependencyDescriptor.resolveCandidate(DependencyDescriptor.java:276) ~[spring-beans-5.3.24.jar:5.3.24]
	at org.springframework.beans.factory.support.DefaultListableBeanFactory.addCandidateEntry(DefaultListableBeanFactory.java:1609) ~[spring-beans-5.3.24.jar:5.3.24]
	at org.springframework.beans.factory.support.DefaultListableBeanFactory.findAutowireCandidates(DefaultListableBeanFactory.java:1573) ~[spring-beans-5.3.24.jar:5.3.24]
	at org.springframework.beans.factory.support.DefaultListableBeanFactory.resolveMultipleBeans(DefaultListableBeanFactory.java:1462) ~[spring-beans-5.3.24.jar:5.3.24]
	at org.springframework.beans.factory.support.DefaultListableBeanFactory.doResolveDependency(DefaultListableBeanFactory.java:1349) ~[spring-beans-5.3.24.jar:5.3.24]
	at org.springframework.beans.factory.support.DefaultListableBeanFactory.resolveDependency(DefaultListableBeanFactory.java:1311) ~[spring-beans-5.3.24.jar:5.3.24]
	at org.springframework.beans.factory.support.ConstructorResolver.resolveAutowiredArgument(ConstructorResolver.java:887) ~[spring-beans-5.3.24.jar:5.3.24]
	at org.springframework.beans.factory.support.ConstructorResolver.createArgumentArray(ConstructorResolver.java:791) ~[spring-beans-5.3.24.jar:5.3.24]
	... 36 common frames omitted
Caused by: java.lang.IllegalStateException: Ambiguous mapping. Cannot map 'gatewayController' method 
ru.kakatya.gateway.controllers.GatewayController#applyLoanOffer(LoanOfferDTO)
to {POST [/application/apply], consumes [application/json]}: There is already 'applicationApiController' bean method
ru.kakatya.gateway.api.ApplicationApiController#applyLoanOffer(LoanOfferDTO) mapped.
	at org.springframework.web.servlet.handler.AbstractHandlerMethodMapping$MappingRegistry.validateMethodMapping(AbstractHandlerMethodMapping.java:669) ~[spring-webmvc-5.3.24.jar:5.3.24]
	at org.springframework.web.servlet.handler.AbstractHandlerMethodMapping$MappingRegistry.register(AbstractHandlerMethodMapping.java:635) ~[spring-webmvc-5.3.24.jar:5.3.24]
	at org.springframework.web.servlet.handler.AbstractHandlerMethodMapping.registerHandlerMethod(AbstractHandlerMethodMapping.java:332) ~[spring-webmvc-5.3.24.jar:5.3.24]
	at org.springframework.web.servlet.mvc.method.annotation.RequestMappingHandlerMapping.registerHandlerMethod(RequestMappingHandlerMapping.java:420) ~[spring-webmvc-5.3.24.jar:5.3.24]
	at org.springframework.web.servlet.mvc.method.annotation.RequestMappingHandlerMapping.registerHandlerMethod(RequestMappingHandlerMapping.java:76) ~[spring-webmvc-5.3.24.jar:5.3.24]
	at org.springframework.web.servlet.handler.AbstractHandlerMethodMapping.lambda$detectHandlerMethods$2(AbstractHandlerMethodMapping.java:299) ~[spring-webmvc-5.3.24.jar:5.3.24]
	at java.base/java.util.LinkedHashMap.forEach(LinkedHashMap.java:723) ~[na:na]
	at org.springframework.web.servlet.handler.AbstractHandlerMethodMapping.detectHandlerMethods(AbstractHandlerMethodMapping.java:297) ~[spring-webmvc-5.3.24.jar:5.3.24]
	at org.springframework.web.servlet.handler.AbstractHandlerMethodMapping.processCandidateBean(AbstractHandlerMethodMapping.java:266) ~[spring-webmvc-5.3.24.jar:5.3.24]
	at org.springframework.web.servlet.handler.AbstractHandlerMethodMapping.initHandlerMethods(AbstractHandlerMethodMapping.java:225) ~[spring-webmvc-5.3.24.jar:5.3.24]
	at org.springframework.web.servlet.handler.AbstractHandlerMethodMapping.afterPropertiesSet(AbstractHandlerMethodMapping.java:213) ~[spring-webmvc-5.3.24.jar:5.3.24]
	at org.springframework.web.servlet.mvc.method.annotation.RequestMappingHandlerMapping.afterPropertiesSet(RequestMappingHandlerMapping.java:205) ~[spring-webmvc-5.3.24.jar:5.3.24]
	at org.springframework.beans.factory.support.AbstractAutowireCapableBeanFactory.invokeInitMethods(AbstractAutowireCapableBeanFactory.java:1863) ~[spring-beans-5.3.24.jar:5.3.24]
	at org.springframework.beans.factory.support.AbstractAutowireCapableBeanFactory.initializeBean(AbstractAutowireCapableBeanFactory.java:1800) ~[spring-beans-5.3.24.jar:5.3.24]
	... 50 common frames omitted

2023-02-10 15:01:03.216  INFO 8712 --- [main] ru.kakatya.gateway.GatewayApplication    : Starting GatewayApplication using Java 16.0.1 on WIN-4E7P3RF15C5 with PID 8712 (W:\newProj\neoflex\gateway\target\classes started by kakatya in W:\newProj\neoflex\gateway)
2023-02-10 15:01:03.221  INFO 8712 --- [main] ru.kakatya.gateway.GatewayApplication    : No active profile set, falling back to 1 default profile: "default"
2023-02-10 15:01:04.422  INFO 8712 --- [main] o.s.cloud.context.scope.GenericScope     : BeanFactory id=43377b33-8a04-3d72-9d0b-925bfa1a41d8
2023-02-10 15:01:04.803  INFO 8712 --- [main] o.s.b.w.embedded.tomcat.TomcatWebServer  : Tomcat initialized with port(s): 8084 (http)
2023-02-10 15:01:04.815  INFO 8712 --- [main] o.apache.catalina.core.StandardService   : Starting service [Tomcat]
2023-02-10 15:01:04.815  INFO 8712 --- [main] org.apache.catalina.core.StandardEngine  : Starting Servlet engine: [Apache Tomcat/9.0.70]
2023-02-10 15:01:05.014  INFO 8712 --- [main] o.a.c.c.C.[Tomcat].[localhost].[/]       : Initializing Spring embedded WebApplicationContext
2023-02-10 15:01:05.015  INFO 8712 --- [main] w.s.c.ServletWebServerApplicationContext : Root WebApplicationContext: initialization completed in 1720 ms
2023-02-10 15:01:07.127  INFO 8712 --- [main] o.s.cloud.commons.util.InetUtils         : Cannot determine local hostname
2023-02-10 15:01:07.309  INFO 8712 --- [main] o.s.b.w.embedded.tomcat.TomcatWebServer  : Tomcat started on port(s): 8084 (http) with context path ''
2023-02-10 15:01:08.640  INFO 8712 --- [main] o.s.cloud.commons.util.InetUtils         : Cannot determine local hostname
2023-02-10 15:01:09.110  INFO 8712 --- [main] ru.kakatya.gateway.GatewayApplication    : Started GatewayApplication in 9.139 seconds (JVM running for 10.417)
2023-02-10 15:01:27.763  INFO 8712 --- [http-nio-8084-exec-1] o.a.c.c.C.[Tomcat].[localhost].[/]       : Initializing Spring DispatcherServlet 'dispatcherServlet'
2023-02-10 15:01:27.763  INFO 8712 --- [http-nio-8084-exec-1] o.s.web.servlet.DispatcherServlet        : Initializing Servlet 'dispatcherServlet'
2023-02-10 15:01:27.765  INFO 8712 --- [http-nio-8084-exec-1] o.s.web.servlet.DispatcherServlet        : Completed initialization in 1 ms
2023-02-10 15:01:44.567  INFO 8712 --- [http-nio-8084-exec-9] r.k.gateway.services.GatewayService      : Create loanOffers
2023-02-10 15:04:21.073  INFO 15104 --- [main] ru.kakatya.gateway.GatewayApplication    : Starting GatewayApplication using Java 16.0.1 on WIN-4E7P3RF15C5 with PID 15104 (W:\newProj\neoflex\gateway\target\classes started by kakatya in W:\newProj\neoflex\gateway)
2023-02-10 15:04:21.076  INFO 15104 --- [main] ru.kakatya.gateway.GatewayApplication    : No active profile set, falling back to 1 default profile: "default"
2023-02-10 15:04:22.238  INFO 15104 --- [main] o.s.cloud.context.scope.GenericScope     : BeanFactory id=43377b33-8a04-3d72-9d0b-925bfa1a41d8
2023-02-10 15:04:22.660  INFO 15104 --- [main] o.s.b.w.embedded.tomcat.TomcatWebServer  : Tomcat initialized with port(s): 8084 (http)
2023-02-10 15:04:22.672  INFO 15104 --- [main] o.apache.catalina.core.StandardService   : Starting service [Tomcat]
2023-02-10 15:04:22.672  INFO 15104 --- [main] org.apache.catalina.core.StandardEngine  : Starting Servlet engine: [Apache Tomcat/9.0.70]
2023-02-10 15:04:22.859  INFO 15104 --- [main] o.a.c.c.C.[Tomcat].[localhost].[/]       : Initializing Spring embedded WebApplicationContext
2023-02-10 15:04:22.860  INFO 15104 --- [main] w.s.c.ServletWebServerApplicationContext : Root WebApplicationContext: initialization completed in 1727 ms
2023-02-10 15:04:25.086  INFO 15104 --- [main] o.s.cloud.commons.util.InetUtils         : Cannot determine local hostname
2023-02-10 15:04:25.255  INFO 15104 --- [main] o.s.b.w.embedded.tomcat.TomcatWebServer  : Tomcat started on port(s): 8084 (http) with context path ''
2023-02-10 15:04:26.565  INFO 15104 --- [main] o.s.cloud.commons.util.InetUtils         : Cannot determine local hostname
2023-02-10 15:04:27.036  INFO 15104 --- [main] ru.kakatya.gateway.GatewayApplication    : Started GatewayApplication in 7.783 seconds (JVM running for 8.587)
2023-02-10 15:04:30.450  INFO 15104 --- [http-nio-8084-exec-1] o.a.c.c.C.[Tomcat].[localhost].[/]       : Initializing Spring DispatcherServlet 'dispatcherServlet'
2023-02-10 15:04:30.450  INFO 15104 --- [http-nio-8084-exec-1] o.s.web.servlet.DispatcherServlet        : Initializing Servlet 'dispatcherServlet'
2023-02-10 15:04:30.452  INFO 15104 --- [http-nio-8084-exec-1] o.s.web.servlet.DispatcherServlet        : Completed initialization in 2 ms
2023-02-10 15:04:35.252  INFO 15104 --- [http-nio-8084-exec-6] r.k.gateway.services.GatewayService      : Create loanOffers
2023-02-10 15:04:50.481  INFO 15104 --- [http-nio-8084-exec-7] r.k.gateway.services.GatewayService      : Apply loanOffers
2023-02-10 15:06:31.684  INFO 15104 --- [http-nio-8084-exec-8] r.k.gateway.services.GatewayService      : Apply loanOffers
2023-02-10 15:08:02.608  INFO 15104 --- [http-nio-8084-exec-1] r.k.gateway.services.GatewayService      : Create loanOffers
2023-02-10 15:08:06.977  INFO 15104 --- [http-nio-8084-exec-3] r.k.gateway.services.GatewayService      : Create loanOffers
2023-02-10 15:08:16.052  INFO 15104 --- [http-nio-8084-exec-4] r.k.gateway.services.GatewayService      : Apply loanOffers
2023-02-10 15:09:06.031  INFO 15104 --- [http-nio-8084-exec-4] r.k.gateway.services.GatewayService      : Finish Registration
2023-02-10 15:09:27.292  INFO 15104 --- [http-nio-8084-exec-5] r.k.gateway.services.GatewayService      : Request Ses-code
2023-02-10 15:09:40.982  INFO 15104 --- [http-nio-8084-exec-3] r.k.gateway.services.GatewayService      : Request loan Documents
2023-02-10 15:09:44.975  INFO 15104 --- [http-nio-8084-exec-6] r.k.gateway.services.GatewayService      : Request Ses-code
2023-02-10 15:10:08.458  INFO 15104 --- [http-nio-8084-exec-7] r.k.gateway.services.GatewayService      : Sign loan documents
2023-02-10 15:11:55.145  INFO 9992 --- [main] ru.kakatya.gateway.GatewayApplication    : Starting GatewayApplication using Java 16.0.1 on WIN-4E7P3RF15C5 with PID 9992 (W:\newProj\neoflex\gateway\target\classes started by kakatya in W:\newProj\neoflex\gateway)
2023-02-10 15:11:55.149  INFO 9992 --- [main] ru.kakatya.gateway.GatewayApplication    : No active profile set, falling back to 1 default profile: "default"
2023-02-10 15:11:56.489  INFO 9992 --- [main] o.s.cloud.context.scope.GenericScope     : BeanFactory id=43377b33-8a04-3d72-9d0b-925bfa1a41d8
2023-02-10 15:11:56.955  INFO 9992 --- [main] o.s.b.w.embedded.tomcat.TomcatWebServer  : Tomcat initialized with port(s): 8084 (http)
2023-02-10 15:11:56.969  INFO 9992 --- [main] o.apache.catalina.core.StandardService   : Starting service [Tomcat]
2023-02-10 15:11:56.970  INFO 9992 --- [main] org.apache.catalina.core.StandardEngine  : Starting Servlet engine: [Apache Tomcat/9.0.70]
2023-02-10 15:11:57.176  INFO 9992 --- [main] o.a.c.c.C.[Tomcat].[localhost].[/]       : Initializing Spring embedded WebApplicationContext
2023-02-10 15:11:57.176  INFO 9992 --- [main] w.s.c.ServletWebServerApplicationContext : Root WebApplicationContext: initialization completed in 1966 ms
2023-02-10 15:11:59.417  INFO 9992 --- [main] o.s.cloud.commons.util.InetUtils         : Cannot determine local hostname
2023-02-10 15:11:59.579  INFO 9992 --- [main] o.s.b.w.embedded.tomcat.TomcatWebServer  : Tomcat started on port(s): 8084 (http) with context path ''
2023-02-10 15:12:00.885  INFO 9992 --- [main] o.s.cloud.commons.util.InetUtils         : Cannot determine local hostname
2023-02-10 15:12:01.375  INFO 9992 --- [main] ru.kakatya.gateway.GatewayApplication    : Started GatewayApplication in 8.166 seconds (JVM running for 9.072)
2023-02-10 15:12:09.099  INFO 9992 --- [http-nio-8084-exec-1] o.a.c.c.C.[Tomcat].[localhost].[/]       : Initializing Spring DispatcherServlet 'dispatcherServlet'
2023-02-10 15:12:09.100  INFO 9992 --- [http-nio-8084-exec-1] o.s.web.servlet.DispatcherServlet        : Initializing Servlet 'dispatcherServlet'
2023-02-10 15:12:09.101  INFO 9992 --- [http-nio-8084-exec-1] o.s.web.servlet.DispatcherServlet        : Completed initialization in 1 ms
